<?xml version="1.0" encoding="UTF-8"?>
<!-- Generated by org.testng.reporters.JUnitReportReporter -->
<testsuite hostname="DESKTOP-88V4A8K" failures="1" tests="14" name="tdd.TestNGConceptsAttributes" time="0.038" errors="0" timestamp="2025-03-15T17:17:15 IST" skipped="0">
  <testcase classname="tdd.TestNGConceptsAttributes" name="payment" time="0.002"/>
  <testcase classname="tdd.TestNGConceptsAttributes" name="contactUs" time="0.000"/>
  <testcase classname="tdd.TestNGConceptsAttributes" name="registration" time="0.000"/>
  <testcase classname="tdd.TestNGConceptsAttributes" name="registration" time="0.005"/>
  <testcase classname="tdd.TestNGConceptsAttributes" name="registration" time="0.000"/>
  <testcase classname="tdd.TestNGConceptsAttributes" name="registration" time="0.001"/>
  <testcase classname="tdd.TestNGConceptsAttributes" name="registration" time="0.011"/>
  <testcase classname="tdd.TestNGConceptsAttributes" name="registration" time="0.002"/>
  <testcase classname="tdd.TestNGConceptsAttributes" name="registration" time="0.007"/>
  <testcase classname="tdd.TestNGConceptsAttributes" name="registration" time="0.001"/>
  <testcase classname="tdd.TestNGConceptsAttributes" name="registration" time="0.006"/>
  <testcase classname="tdd.TestNGConceptsAttributes" name="registration" time="0.001"/>
  <testcase classname="tdd.TestNGConceptsAttributes" name="login" time="0.001"/>
  <testcase classname="tdd.TestNGConceptsAttributes" name="addToCart" time="0.001">
    <failure message="null" type="java.lang.AssertionError">
      <![CDATA[java.lang.AssertionError: null
at org.testng.Assert.fail(Assert.java:111)
at org.testng.Assert.fail(Assert.java:116)
at tdd.TestNGConceptsAttributes.addToCart(TestNGConceptsAttributes.java:21)
at java.base/jdk.internal.reflect.NativeMethodAccessorImpl.invoke0(Native Method)
at java.base/jdk.internal.reflect.NativeMethodAccessorImpl.invoke(NativeMethodAccessorImpl.java:77)
at java.base/jdk.internal.reflect.DelegatingMethodAccessorImpl.invoke(DelegatingMethodAccessorImpl.java:43)
at java.base/java.lang.reflect.Method.invoke(Method.java:568)
at org.testng.internal.invokers.MethodInvocationHelper.invokeMethod(MethodInvocationHelper.java:141)
at org.testng.internal.invokers.TestInvoker.invokeMethod(TestInvoker.java:687)
at org.testng.internal.invokers.TestInvoker.invokeTestMethod(TestInvoker.java:230)
at org.testng.internal.invokers.MethodRunner.runInSequence(MethodRunner.java:63)
at org.testng.internal.invokers.TestInvoker$MethodInvocationAgent.invoke(TestInvoker.java:995)
at org.testng.internal.invokers.TestInvoker.invokeTestMethods(TestInvoker.java:203)
at org.testng.internal.invokers.TestMethodWorker.invokeTestMethods(TestMethodWorker.java:154)
at org.testng.internal.invokers.TestMethodWorker.run(TestMethodWorker.java:134)
at java.base/java.util.ArrayList.forEach(ArrayList.java:1511)
at org.testng.TestRunner.privateRun(TestRunner.java:741)
at org.testng.TestRunner.run(TestRunner.java:616)
at org.testng.SuiteRunner.runTest(SuiteRunner.java:421)
at org.testng.SuiteRunner.runSequentially(SuiteRunner.java:413)
at org.testng.SuiteRunner.privateRun(SuiteRunner.java:373)
at org.testng.SuiteRunner.run(SuiteRunner.java:312)
at org.testng.SuiteRunnerWorker.runSuite(SuiteRunnerWorker.java:52)
at org.testng.SuiteRunnerWorker.run(SuiteRunnerWorker.java:95)
at org.testng.TestNG.runSuitesSequentially(TestNG.java:1274)
at org.testng.TestNG.runSuitesLocally(TestNG.java:1208)
at org.testng.TestNG.runSuites(TestNG.java:1112)
at org.testng.TestNG.run(TestNG.java:1079)
at com.intellij.rt.testng.IDEARemoteTestNG.run(IDEARemoteTestNG.java:66)
at com.intellij.rt.testng.RemoteTestNGStarter.main(RemoteTestNGStarter.java:109)
]]>
    </failure>
  </testcase> <!-- addToCart -->
</testsuite> <!-- tdd.TestNGConceptsAttributes -->
